["1", "01"]	[197.65436234872004, -2575.414283357929]
["1", "02"]	[225.00499161735468, -2356.6052234192321]
["1", "03"]	[212.12043246345274, -2168.6399557729465]
["1", "04"]	[218.91773435304617, -2093.6885595832555]
["1", "05"]	[210.61776375083275, -2058.7510918021321]
["1", "06"]	[219.61115767222734, -2092.8750826982177]
["1", "07"]	[223.63091714666083, -2152.5571083801979]
["1", "08"]	[220.26712754987341, -2232.4980915291503]
["1", "09"]	[196.57963951704195, -2329.7667162258604]
["1", "10"]	[183.73566705619197, -2470.8640409207178]
["1", "11"]	[200.02248310769718, -2648.0699444644001]
["1", "12"]	[182.60821065573415, -2872.1408479151573]
["1", "13"]	[229.10819442536121, -3280.3652409464394]
["1", "14"]	[228.66409743334233, -3739.9698196990762]
["1", "15"]	[274.32658939702065, -4379.6692535618213]
["1", "16"]	[291.41491498402598, -4915.6375796826032]
["1", "17"]	[235.27083255206051, -5360.1891642286382]
["1", "18"]	[244.44794737396904, -5682.1591754012552]
["1", "19"]	[181.30518673124894, -5912.0880003113753]
["1", "20"]	[178.33780972249858, -6001.4492914008497]
["1", "21"]	[156.11380146231008, -5994.0794741769478]
["1", "22"]	[137.98117101618624, -5858.6848991475663]
["1", "23"]	[127.08709830326046, -5480.2671591739036]
["1", "24"]	[131.24403903657762, -5199.363837576936]
["1", "25"]	[126.48041930226725, -4968.1386496824243]
["1", "26"]	[128.09545466000677, -4991.0959207369833]
["1", "27"]	[116.36941968083136, -5019.2913788640735]
["1", "28"]	[120.32382514902341, -5066.2830934898202]
["1", "29"]	[119.968941922426, -5026.9131006763664]
["1", "30"]	[118.3935806242507, -4988.3574978264342]
["1", "31"]	[113.15140574281543, -4811.8234190323337]
["1", "32"]	[108.03976847160493, -4589.6349511656063]
["1", "33"]	[98.993844014518771, -4244.6355131132605]
["1", "34"]	[89.633841615878438, -3906.7744640789438]
["1", "35"]	[59.310232606653301, -3308.8405255515518]
["1", "36"]	[74.881013420791618, -3235.0094296908987]
["1", "37"]	[121.25230520129533, -2785.4033426880819]
["1", "38"]	[126.82779801629623, -3068.248876046011]
["1", "39"]	[152.09112285886854, -3118.7283181201979]
["1", "40"]	[137.12246724929926, -2987.3096770242096]
["1", "41"]	[171.4998030274219, -2627.1537984526844]
["1", "42"]	[175.78604122296008, -2464.116297141984]
["1", "43"]	[215.11699104276377, -1848.2626317298841]
["1", "44"]	[229.8203512105072, -1276.5717460952699]
["1", "45"]	[248.64565632152369, -903.155648672442]
["1", "46"]	[266.01763941201125, -1142.9489547501623]
["1", "47"]	[307.11329520376876, -1027.9469615895575]
["1", "48"]	[311.82420464630292, -920.85060435898629]
["2", "01"]	[312.5013972600313, -884.47928825577685]
["2", "02"]	[316.96186914768981, -972.88297166679354]
["2", "03"]	[283.11758893730519, -918.6214058544183]
["2", "04"]	[285.86539323920476, -747.62583859511199]
["2", "05"]	[262.17828032878322, -520.5593715333556]
["2", "06"]	[273.37445182185064, -315.09325906137531]
["2", "07"]	[289.26359629335371, -100.17528583200033]
["2", "08"]	[283.54227423614793, 128.83860532561209]
["2", "09"]	[243.88661841189082, 459.77945632743615]
["2", "10"]	[235.47922270289484, 862.26445644161447]
["2", "11"]	[210.80398601590474, 1691.2610644082072]
["2", "12"]	[219.74208152971872, 2879.0461989201913]
["2", "13"]	[303.68147196571255, 4865.813018023282]
["2", "14"]	[255.08483659389665, 5865.8964638688176]
["2", "15"]	[269.11731538864797, 7114.845521661824]
["2", "16"]	[242.08070265970625, 8251.2573834168888]
["2", "17"]	[209.37860998662362, 9185.3823985215004]
["2", "18"]	[214.33071095989621, 9820.1516255803563]
["2", "19"]	[220.34051217669213, 10192.079599436423]
["2", "20"]	[237.11755391716611, 10513.002300855189]
["2", "21"]	[194.96048453035439, 10695.431752713788]
["2", "22"]	[211.48145162756649, 10815.486958826437]
["2", "23"]	[176.56013183818467, 10489.832961624399]
["2", "24"]	[193.19198671188568, 10264.153253124363]
["2", "25"]	[164.96681834409637, 9848.5575839190296]
["2", "26"]	[162.69763665122056, 9634.6338979165339]
["2", "27"]	[127.1022580580473, 10376.731164452876]
["2", "28"]	[137.59585616897783, 11029.194354743933]
["2", "29"]	[133.83499691431084, 11364.708933642889]
["2", "30"]	[143.11332495123492, 11531.555933116009]
["2", "31"]	[124.07079958412385, 11416.188799519918]
["2", "32"]	[128.11603422715015, 11317.367127859981]
["2", "33"]	[108.00613801678863, 10966.993473983182]
["2", "34"]	[99.624837273046651, 10194.394360541848]
["2", "35"]	[124.46086138799319, 8137.2665680539103]
["2", "36"]	[113.29557861106635, 6798.5509858068963]
["2", "37"]	[83.502918302265968, 4609.6884208303063]
["2", "38"]	[110.89016405722028, 4167.5308176535427]
["2", "39"]	[127.47227266946508, 3871.9193642235268]
["2", "40"]	[132.83643438386673, 3835.6251900299903]
["2", "41"]	[164.48876471372841, 3812.9796766988247]
["2", "42"]	[192.81263385484959, 4409.0985805984428]
["2", "43"]	[242.41078194195563, 4533.3429332408687]
["2", "44"]	[245.9865052436277, 4529.0829691815743]
["2", "45"]	[298.19276259883299, 4172.1144184753111]
["2", "46"]	[299.57631468141352, 4290.5996770300117]
["2", "47"]	[327.07014775946794, 3708.7135311170614]
["2", "48"]	[333.52229909878292, 3168.7801743215655]
["3", "01"]	[369.47949391106999, 2757.8001465216321]
["3", "02"]	[361.25154900478219, 2656.4437279938224]
["3", "03"]	[307.31541924798648, 2460.3496381770228]
["3", "04"]	[303.48211219357273, 2303.4356942562854]
["3", "05"]	[283.65276803495857, 2199.1006021062608]
["3", "06"]	[273.81623734352263, 2152.2719421638049]
["3", "07"]	[269.36154962823423, 2126.8208505993571]
["3", "08"]	[264.6742042374724, 2108.2837956255239]
["3", "09"]	[252.56323359789778, 2056.0642085268437]
["3", "10"]	[241.56312265039031, 1997.6748901928156]
["3", "11"]	[252.2052020784846, 1882.1163000797674]
["3", "12"]	[225.20851323462207, 1742.1145806114525]
["3", "13"]	[220.67251213596407, 1515.5274729269104]
["3", "14"]	[219.17130591176701, 1411.1003087314878]
["3", "15"]	[211.24783972180063, 1319.9419743676604]
["3", "16"]	[215.8802257753598, 1177.4802615750086]
["3", "17"]	[217.34789873240643, 994.96787001990504]
["3", "18"]	[219.78193091442125, 815.95965734622666]
["3", "19"]	[227.98867693177391, 677.55929475894288]
["3", "20"]	[246.1251345895555, 571.14268816823426]
["3", "21"]	[186.05366916854544, 508.15731458796841]
["3", "22"]	[187.58553077660389, 444.56386281080285]
["3", "23"]	[169.04427326453066, 371.98150919923233]
["3", "24"]	[175.5609691957423, 337.25741697716933]
["3", "25"]	[168.25509726299956, 289.55882260179953]
["3", "26"]	[179.20477219424794, 283.49369425413295]
["3", "27"]	[161.37130345650323, 289.05793151835235]
["3", "28"]	[179.53952745327595, 325.46214737401471]
["3", "29"]	[176.87295377210583, 337.52441621518079]
["3", "30"]	[182.32177102617626, 360.61294779098915]
["3", "31"]	[184.43315584054429, 327.79520744752682]
["3", "32"]	[181.29898765129505, 306.93195087511634]
["3", "33"]	[164.70961055023338, 352.42053215580626]
["3", "34"]	[157.76827483357144, 338.04280373510068]
["3", "35"]	[147.26759096096544, 312.39263881018439]
["3", "36"]	[123.33268707350916, 305.64451659109466]
["3", "37"]	[131.78292995187724, 321.95313765290052]
["3", "38"]	[132.08671033554609, 316.41989000343909]
["3", "39"]	[136.13279093401317, 267.00330270526172]
["3", "40"]	[154.16042688798339, 140.83193773585677]
["3", "41"]	[172.07642410936097, 102.35148827774636]
["3", "42"]	[187.93901333681256, 107.89021200672667]
["3", "43"]	[217.43476744243, 121.73467845228255]
["3", "44"]	[224.39507377580458, 147.19692967769026]
["3", "45"]	[263.08346470009212, 217.76466691845658]
["3", "46"]	[273.04486463669804, 253.22165717415464]
["3", "47"]	[275.31429221131845, 220.85889206647499]
["3", "48"]	[254.79139815615096, 233.52621306745851]
["4", "01"]	[304.96620089585491, 183.70098745204433]
["4", "02"]	[295.72789693195591, 125.10088069500674]
["4", "03"]	[268.37626026939716, 146.99944906398173]
["4", "04"]	[281.0104698205447, 153.30181278447756]
["4", "05"]	[257.22922887582712, 125.30022022886934]
["4", "06"]	[250.22369433132516, 94.796702454399167]
["4", "07"]	[279.33688401194837, 82.678859803059012]
["4", "08"]	[257.37838390129286, 98.69796329262131]
["4", "09"]	[251.57644620515913, 90.613243325752691]
["4", "10"]	[254.01931801936644, 104.45884084451805]
["4", "11"]	[204.06197554713, 137.48640524050379]
["4", "12"]	[162.84644341198975, 159.4577169949896]
["4", "13"]	[180.91380037429971, 146.5953525275732]
["4", "14"]	[166.24570152826382, 158.35253173322886]
["4", "15"]	[174.77315571573746, 139.44294123515402]
["4", "16"]	[174.38533497823704, 113.22559479684344]
["4", "17"]	[188.08214698698231, 117.04728786441386]
["4", "18"]	[206.55257891625286, 93.45346079356645]
["4", "19"]	[215.21603636950346, 76.445326852038164]
["4", "20"]	[225.92798926946455, 54.18352406336539]
["4", "21"]	[183.55255806185829, 43.077883538372966]
["4", "22"]	[183.40222853914179, 35.470443238297193]
["4", "23"]	[169.31435841914114, 77.91490251104473]
["4", "24"]	[182.2721631791465, 78.549727902803909]
["4", "25"]	[157.68695694221572, 74.023918365565578]
["4", "26"]	[171.86697378804436, 98.602180388095107]
["4", "27"]	[160.8253807477536, 97.040831672172601]
["4", "28"]	[181.6711705859818, 102.74193062105454]
["4", "29"]	[153.1145272873917, 132.14106148168065]
["4", "30"]	[163.35956453666878, 149.39089082928186]
["4", "31"]	[151.69861398632665, 159.9159593885675]
["4", "32"]	[163.23099243792186, 115.17955757155086]
["4", "33"]	[162.26525023279396, 90.932783407109312]
["4", "34"]	[149.79937362628093, 92.708319381528312]
["4", "35"]	[99.739208292580727, 213.46346777453491]
["4", "36"]	[104.67618707177931, 252.99752610263158]
["4", "37"]	[103.89519314103291, 322.02743358478398]
["4", "38"]	[101.49575691995297, 380.62317465557766]
["4", "39"]	[121.02264461540184, 299.9897464158787]
["4", "40"]	[127.03608635769901, 220.78519869749147]
["4", "41"]	[145.5029507223372, 141.11603500498057]
["4", "42"]	[160.37861714911537, 87.4273320385566]
["4", "43"]	[221.20686292962816, -30.745695298960779]
["4", "44"]	[226.95126509542106, 265.13789889450658]
["4", "45"]	[234.05701515050407, 454.41952971279369]
["4", "46"]	[246.53804913011444, -29.904653714687829]
["4", "47"]	[234.66271259856671, 196.91400439737774]
["4", "48"]	[194.31359308566738, 279.26742678721911]
["5", "01"]	[231.59747151064613, 394.42805241103764]
["5", "02"]	[243.39018490262109, 255.17500200368036]
["5", "03"]	[236.82632945266698, 200.49190419309457]
["5", "04"]	[244.78387006372964, 164.29807195403663]
["5", "05"]	[220.63580979638672, 193.59645281928672]
["5", "06"]	[192.90381573760749, 209.13142602646093]
["5", "07"]	[197.48477814138965, 205.91540732764349]
["5", "08"]	[204.60944870953873, 171.43936306443118]
["5", "09"]	[199.53583304609668, 187.87977045444242]
["5", "10"]	[187.31530023898483, 182.08783230186714]
["5", "11"]	[190.14743076696647, 194.45925148643636]
["5", "12"]	[178.70478868959432, 217.4713854771903]
["5", "13"]	[194.42647690256371, 122.7408794240631]
["5", "14"]	[196.97055901245142, 154.10296497308352]
["5", "15"]	[200.1633417915256, 154.43324758477669]
["5", "16"]	[222.63299189143504, 176.54902383634393]
["5", "17"]	[180.44804090971584, 161.04569188840884]
["5", "18"]	[204.53672029218617, 173.73875359405702]
["5", "19"]	[188.43050196868893, 135.93401057468859]
["5", "20"]	[200.0811524330573, 140.9959168085507]
["5", "21"]	[141.26421566680017, 110.21872197764206]
["5", "22"]	[169.76101763643112, 281.82354987920729]
["5", "23"]	[167.45679775892745, 272.79251581945573]
["5", "24"]	[169.3203190505188, 103.9194336248984]
["5", "25"]	[179.63079247099068, 47.944523145671511]
["5", "26"]	[194.54177919934497, 42.196728389289589]
["5", "27"]	[194.3710169250671, 45.247843460653499]
["5", "28"]	[204.87814238159194, 38.40481758375212]
["5", "29"]	[186.6807002830202, 36.961668322583996]
["5", "30"]	[189.87248612939285, 51.885651622100028]
["5", "31"]	[179.25392561712817, 52.488929562590499]
["5", "32"]	[182.98334184622533, 69.253731107096229]
["5", "33"]	[154.7161449133597, 62.186473285783137]
["5", "34"]	[147.04119289857292, 3.0871254898256315]
["5", "35"]	[126.71262444017981, -65.905078370243785]
["5", "36"]	[115.5574409918713, -91.366835877953562]
["5", "37"]	[142.35010066506888, -78.731485500033571]
["5", "38"]	[142.88067969332229, -75.256294725237723]
["5", "39"]	[140.8850077029538, -36.415319057492816]
["5", "40"]	[152.1229872514815, -50.515554232117154]
["5", "41"]	[226.63754118139337, -39.494457334044782]
["5", "42"]	[225.34768711579591, 20.313622694808686]
["5", "43"]	[280.86216431743816, 30.580484626586376]
["5", "44"]	[268.18510313709265, -223.75240542448108]
["5", "45"]	[307.05493759058999, -388.82017146562652]
["5", "46"]	[313.52706721090391, 113.98843684741367]
["5", "47"]	[348.01333003797902, 206.02614816277773]
["5", "48"]	[364.23015225508641, 217.68785019983304]
["6", "01"]	[240.63912509213145, 172.19607987346123]
["6", "02"]	[236.09174342896162, 254.9009670849087]
["6", "03"]	[196.85848510126036, 244.26534241809594]
["6", "04"]	[194.48362278488926, 218.14210229308009]
["6", "05"]	[172.42508305458375, 193.8940862520179]
["6", "06"]	[172.37749670602261, 161.43798183736845]
["6", "07"]	[159.53298201376006, 152.61700135569978]
["6", "08"]	[142.01702343788622, 152.67714633086646]
["6", "09"]	[160.68888861698522, 148.74007197181183]
["6", "10"]	[155.3611943392506, 144.61977488534882]
["6", "11"]	[144.20451912624, 100.63489774045124]
["6", "12"]	[138.89231498956676, 41.424722418763977]
["6", "13"]	[238.71350377662736, -33.475656619680848]
["6", "14"]	[237.32788928964604, 23.972662891699503]
["6", "15"]	[239.54798717140713, 103.40790588891571]
["6", "16"]	[275.81749054996612, 106.59470929334074]
["6", "17"]	[217.18318320466619, 150.28602410188492]
["6", "18"]	[241.81585354397782, 156.69602933696993]
["6", "19"]	[207.47086954217411, 181.72392104298783]
["6", "20"]	[247.16307308778934, 179.68983451490712]
["6", "21"]	[207.93593481387458, 219.66263376191964]
["6", "22"]	[221.48765035000605, 165.52235041133807]
["6", "23"]	[166.97822389507616, 59.425342090094041]
["6", "24"]	[196.39040322010823, 94.070507021590842]
["6", "25"]	[159.02235305823632, 137.94304187216278]
["6", "26"]	[166.91246139824051, 195.85953272282293]
["6", "27"]	[173.29968478854803, 106.66543141021388]
["6", "28"]	[192.00315944415584, 87.033900522188631]
["6", "29"]	[166.16815756702809, 102.32717577680255]
["6", "30"]	[168.03018052492052, 52.870450143568931]
["6", "31"]	[164.2952432732184, 1.1904363832426508]
["6", "32"]	[174.0385753225263, -237.95772333463552]
["6", "33"]	[161.08992147313194, -589.29411949005294]
["6", "34"]	[141.95645469237834, -663.93973201132326]
["6", "35"]	[90.515673802947802, -459.78534468968309]
["6", "36"]	[75.761768446574706, -461.5482744200151]
["6", "37"]	[97.441679957934767, -409.27098149075681]
["6", "38"]	[111.43658897138116, -372.86426383456853]
["6", "39"]	[128.10980595864015, -323.63706883205617]
["6", "40"]	[126.3587332164587, -374.54662111421896]
["6", "41"]	[157.52792757901707, -434.69503633629211]
["6", "42"]	[151.59876645805556, -642.51721502974658]
["6", "43"]	[168.54333255164167, -616.58564749773961]
["6", "44"]	[202.8141278707578, -591.21854883541471]
["6", "45"]	[234.51973440430774, -475.95631049027509]
["6", "46"]	[228.35463808507663, -238.41659871170879]
["6", "47"]	[234.93760425161318, 0.92705766351931762]
["6", "48"]	[237.20939108846005, 153.40819003068481]
["7", "01"]	[195.11696043743271, 224.06132362109577]
["7", "02"]	[172.21803403091599, 285.16956717394078]
["7", "03"]	[196.94526286008144, 298.81507214205374]
["7", "04"]	[200.95573231041914, 254.22729827892584]
["7", "05"]	[174.3395848703957, 182.19478198196177]
["7", "06"]	[181.66662315106862, 98.61116123271772]
["7", "07"]	[221.52427084579463, 1.8458099432301847]
["7", "08"]	[229.22587646265774, -107.34138242045519]
["7", "09"]	[211.06990851476479, -261.23528924992763]
["7", "10"]	[204.41822939143839, -476.21692437938174]
["7", "11"]	[172.3138288919196, -948.69002350216772]
["7", "12"]	[193.058163145892, -1677.9558273699072]
["7", "13"]	[264.496703228397, -2805.4438514410867]
["7", "14"]	[275.90434304931512, -3283.0445557896523]
["7", "15"]	[244.09622166955273, -3788.9603846293462]
["7", "16"]	[301.25598796259459, -4230.9080645999711]
["7", "17"]	[264.48808426240396, -4522.3283909461488]
["7", "18"]	[269.64767937137867, -4687.0806009158759]
["7", "19"]	[213.38519844095396, -4700.6897526058674]
["7", "20"]	[223.70459048176684, -4827.1572414968196]
["7", "21"]	[199.05780386417885, -5027.8730524454313]
["7", "22"]	[203.59407409067688, -5187.278841984411]
["7", "23"]	[197.54107378375059, -5228.2554358766884]
["7", "24"]	[201.10521677186895, -5204.1061847448482]
["7", "25"]	[165.829885289798, -4981.6226459536747]
["7", "26"]	[152.13858344127433, -4860.1204974498369]
["7", "27"]	[193.50146816616524, -5453.2198392312093]
["7", "28"]	[211.209597525036, -6058.261737750182]
["7", "29"]	[165.70144394427888, -6462.3879128049257]
["7", "30"]	[161.96052451174393, -6644.9196109270997]
["7", "31"]	[170.55050216149067, -6636.585703802607]
["7", "32"]	[156.55821770200583, -6594.5835595730923]
["7", "33"]	[132.20811605316081, -6221.739712472815]
["7", "34"]	[127.37684977343969, -5651.7144850495488]
["7", "35"]	[116.21325220729651, -4538.554235752501]
["7", "36"]	[112.49765903640115, -3349.408023636634]
["7", "37"]	[117.21306886173998, -1581.4051299713794]
["7", "38"]	[92.051818782621694, -956.85146537848777]
["7", "39"]	[111.99868339004182, -710.50752118150365]
["7", "40"]	[133.38890866883335, -581.79604139165463]
["7", "41"]	[172.07127711306546, -769.90975606864993]
["7", "42"]	[185.99388082911773, -1239.6574947735683]
["7", "43"]	[222.22218061733165, -1931.7043921788845]
["7", "44"]	[248.04828284401179, -2571.5955509883224]
["7", "45"]	[275.38109858900651, -2841.4815939375217]
["7", "46"]	[236.21364716254681, -3042.9919461830632]
["7", "47"]	[235.91705116315006, -3008.2585381860181]
["7", "48"]	[261.87916013623567, -2804.5629334851574]
